<?xml version="1.0" encoding="UTF-8"?>
<!-- Generated by org.testng.reporters.JUnitXMLReporter -->
<testsuite ignored="0" hostname="Aradhya" failures="0" tests="6" name="Default test" time="68.264" errors="0" timestamp="2022-08-31T19:17:09 IST">
  <testcase classname="scripts.Flipkart_Automation$testAutomateFlipkart" name="setUp" time="8.758"/>
  <testcase classname="scripts.Flipkart_Automation$testAutomateFlipkart" name="login" time="3.599"/>
  <testcase classname="scripts.Flipkart_Automation$testAutomateFlipkart" name="addFirstItem" time="20.986"/>
  <testcase classname="scripts.Flipkart_Automation$testAutomateFlipkart" name="addSecondItem" time="28.373"/>
  <testcase classname="scripts.Flipkart_Automation$testAutomateFlipkart" name="removePreviouslyAddedItems" time="6.305"/>
  <testcase classname="scripts.Flipkart_Automation$testAutomateFlipkart" name="teardown" time="0.18"/>
</testsuite> <!-- Default test -->
